# JRE version: Java(TM) SE Runtime Environment (8.0_73-b02) (build 1.8.0_73-b02)
# Java VM: Java HotSpot(TM) 64-Bit Server VM (25.73-b02 mixed mode linux-amd64 compressed oops)
Heap:
 PSYoungGen      total 124416K, used 112797K [0x00000000f7b80000, 0x0000000100000000, 0x0000000100000000)
  eden space 114688K, 89% used [0x00000000f7b80000,0x00000000fe042000,0x00000000feb80000)
  from space 9728K, 98% used [0x00000000feb80000,0x00000000ff4e5538,0x00000000ff500000)
  to   space 11264K, 0% used [0x00000000ff500000,0x00000000ff500000,0x0000000100000000)
 ParOldGen       total 151040K, used 92671K [0x00000000e7200000, 0x00000000f0580000, 0x00000000f7b80000)
  object space 151040K, 61% used [0x00000000e7200000,0x00000000ecc7ff58,0x00000000f0580000)
 Metaspace       used 115775K, capacity 128556K, committed 128768K, reserved 1161216K
  class space    used 13550K, capacity 17297K, committed 17408K, reserved 1048576K
GC Heap History (10 events):
Event: 12994.257 GC heap before
{Heap before GC invocations=245 (full 8):
 PSYoungGen      total 122880K, used 117505K [0x00000000f7b80000, 0x00000000fff00000, 0x0000000100000000)
  eden space 112128K, 100% used [0x00000000f7b80000,0x00000000fe900000,0x00000000fe900000)
  from space 10752K, 50% used [0x00000000ff480000,0x00000000ff9c06e8,0x00000000fff00000)
  to   space 11264K, 0% used [0x00000000fe900000,0x00000000fe900000,0x00000000ff400000)
 ParOldGen       total 151040K, used 92175K [0x00000000e7200000, 0x00000000f0580000, 0x00000000f7b80000)
  object space 151040K, 61% used [0x00000000e7200000,0x00000000ecc03f58,0x00000000f0580000)
 Metaspace       used 115318K, capacity 127936K, committed 128384K, reserved 1161216K
  class space    used 13496K, capacity 17219K, committed 17280K, reserved 1048576K
Event: 12994.275 GC heap after
Heap after GC invocations=245 (full 8):
 PSYoungGen      total 123392K, used 5201K [0x00000000f7b80000, 0x0000000100000000, 0x0000000100000000)
  eden space 112128K, 0% used [0x00000000f7b80000,0x00000000f7b80000,0x00000000fe900000)
  from space 11264K, 46% used [0x00000000fe900000,0x00000000fee14488,0x00000000ff400000)
  to   space 11264K, 0% used [0x00000000ff500000,0x00000000ff500000,0x0000000100000000)
 ParOldGen       total 151040K, used 92255K [0x00000000e7200000, 0x00000000f0580000, 0x00000000f7b80000)
  object space 151040K, 61% used [0x00000000e7200000,0x00000000ecc17f58,0x00000000f0580000)
 Metaspace       used 115318K, capacity 127936K, committed 128384K, reserved 1161216K
  class space    used 13496K, capacity 17219K, committed 17280K, reserved 1048576K
}
Event: 13000.631 GC heap before
{Heap before GC invocations=246 (full 8):
 PSYoungGen      total 123392K, used 117329K [0x00000000f7b80000, 0x0000000100000000, 0x0000000100000000)
  eden space 112128K, 100% used [0x00000000f7b80000,0x00000000fe900000,0x00000000fe900000)
  from space 11264K, 46% used [0x00000000fe900000,0x00000000fee14488,0x00000000ff400000)
  to   space 11264K, 0% used [0x00000000ff500000,0x00000000ff500000,0x0000000100000000)
 ParOldGen       total 151040K, used 92255K [0x00000000e7200000, 0x00000000f0580000, 0x00000000f7b80000)
  object space 151040K, 61% used [0x00000000e7200000,0x00000000ecc17f58,0x00000000f0580000)
 Metaspace       used 115318K, capacity 127936K, committed 128384K, reserved 1161216K
  class space    used 13496K, capacity 17219K, committed 17280K, reserved 1048576K
Event: 13000.663 GC heap after
Heap after GC invocations=246 (full 8):
 PSYoungGen      total 123392K, used 5240K [0x00000000f7b80000, 0x00000000fff00000, 0x0000000100000000)
  eden space 113152K, 0% used [0x00000000f7b80000,0x00000000f7b80000,0x00000000fea00000)
  from space 10240K, 51% used [0x00000000ff500000,0x00000000ffa1e2b0,0x00000000fff00000)
  to   space 10752K, 0% used [0x00000000fea00000,0x00000000fea00000,0x00000000ff480000)
 ParOldGen       total 151040K, used 92383K [0x00000000e7200000, 0x00000000f0580000, 0x00000000f7b80000)
  object space 151040K, 61% used [0x00000000e7200000,0x00000000ecc37f58,0x00000000f0580000)
 Metaspace       used 115318K, capacity 127936K, committed 128384K, reserved 1161216K
  class space    used 13496K, capacity 17219K, committed 17280K, reserved 1048576K
}
Event: 13009.784 GC heap before
{Heap before GC invocations=247 (full 8):
 PSYoungGen      total 123392K, used 118392K [0x00000000f7b80000, 0x00000000fff00000, 0x0000000100000000)
  eden space 113152K, 100% used [0x00000000f7b80000,0x00000000fea00000,0x00000000fea00000)
  from space 10240K, 51% used [0x00000000ff500000,0x00000000ffa1e2b0,0x00000000fff00000)
  to   space 10752K, 0% used [0x00000000fea00000,0x00000000fea00000,0x00000000ff480000)
 ParOldGen       total 151040K, used 92383K [0x00000000e7200000, 0x00000000f0580000, 0x00000000f7b80000)
  object space 151040K, 61% used [0x00000000e7200000,0x00000000ecc37f58,0x00000000f0580000)
 Metaspace       used 115325K, capacity 127936K, committed 128384K, reserved 1161216K
  class space    used 13496K, capacity 17219K, committed 17280K, reserved 1048576K
Event: 13009.807 GC heap after
Heap after GC invocations=247 (full 8):
 PSYoungGen      total 123904K, used 5591K [0x00000000f7b80000, 0x00000000fff80000, 0x0000000100000000)
  eden space 113152K, 0% used [0x00000000f7b80000,0x00000000f7b80000,0x00000000fea00000)
  from space 10752K, 52% used [0x00000000fea00000,0x00000000fef75f38,0x00000000ff480000)
  to   space 10240K, 0% used [0x00000000ff580000,0x00000000ff580000,0x00000000fff80000)
 ParOldGen       total 151040K, used 92455K [0x00000000e7200000, 0x00000000f0580000, 0x00000000f7b80000)
  object space 151040K, 61% used [0x00000000e7200000,0x00000000ecc49f58,0x00000000f0580000)
 Metaspace       used 115325K, capacity 127936K, committed 128384K, reserved 1161216K
  class space    used 13496K, capacity 17219K, committed 17280K, reserved 1048576K
}
Event: 13022.243 GC heap before
{Heap before GC invocations=248 (full 8):
 PSYoungGen      total 123904K, used 118743K [0x00000000f7b80000, 0x00000000fff80000, 0x0000000100000000)
  eden space 113152K, 100% used [0x00000000f7b80000,0x00000000fea00000,0x00000000fea00000)
  from space 10752K, 52% used [0x00000000fea00000,0x00000000fef75f38,0x00000000ff480000)
  to   space 10240K, 0% used [0x00000000ff580000,0x00000000ff580000,0x00000000fff80000)
 ParOldGen       total 151040K, used 92455K [0x00000000e7200000, 0x00000000f0580000, 0x00000000f7b80000)
  object space 151040K, 61% used [0x00000000e7200000,0x00000000ecc49f58,0x00000000f0580000)
 Metaspace       used 115371K, capacity 128006K, committed 128384K, reserved 1161216K
  class space    used 13497K, capacity 17220K, committed 17280K, reserved 1048576K
Event: 13022.269 GC heap after
Heap after GC invocations=248 (full 8):
 PSYoungGen      total 124928K, used 5546K [0x00000000f7b80000, 0x00000000fff80000, 0x0000000100000000)
  eden space 114688K, 0% used [0x00000000f7b80000,0x00000000f7b80000,0x00000000feb80000)
  from space 10240K, 54% used [0x00000000ff580000,0x00000000ffaea830,0x00000000fff80000)
  to   space 10240K, 0% used [0x00000000feb80000,0x00000000feb80000,0x00000000ff580000)
 ParOldGen       total 151040K, used 92559K [0x00000000e7200000, 0x00000000f0580000, 0x00000000f7b80000)
  object space 151040K, 61% used [0x00000000e7200000,0x00000000ecc63f58,0x00000000f0580000)
 Metaspace       used 115371K, capacity 128006K, committed 128384K, reserved 1161216K
  class space    used 13497K, capacity 17220K, committed 17280K, reserved 1048576K
}
Event: 13040.934 GC heap before
{Heap before GC invocations=249 (full 8):
 PSYoungGen      total 124928K, used 120234K [0x00000000f7b80000, 0x00000000fff80000, 0x0000000100000000)
  eden space 114688K, 100% used [0x00000000f7b80000,0x00000000feb80000,0x00000000feb80000)
  from space 10240K, 54% used [0x00000000ff580000,0x00000000ffaea830,0x00000000fff80000)
  to   space 10240K, 0% used [0x00000000feb80000,0x00000000feb80000,0x00000000ff580000)
 ParOldGen       total 151040K, used 92559K [0x00000000e7200000, 0x00000000f0580000, 0x00000000f7b80000)
  object space 151040K, 61% used [0x00000000e7200000,0x00000000ecc63f58,0x00000000f0580000)
 Metaspace       used 115433K, capacity 128106K, committed 128384K, reserved 1161216K
  class space    used 13501K, capacity 17226K, committed 17280K, reserved 1048576K
Event: 13040.984 GC heap after
Heap after GC invocations=249 (full 8):
 PSYoungGen      total 124416K, used 9621K [0x00000000f7b80000, 0x0000000100000000, 0x0000000100000000)
  eden space 114688K, 0% used [0x00000000f7b80000,0x00000000f7b80000,0x00000000feb80000)
  from space 9728K, 98% used [0x00000000feb80000,0x00000000ff4e5538,0x00000000ff500000)
  to   space 11264K, 0% used [0x00000000ff500000,0x00000000ff500000,0x0000000100000000)
 ParOldGen       total 151040K, used 92671K [0x00000000e7200000, 0x00000000f0580000, 0x00000000f7b80000)
  object space 151040K, 61% used [0x00000000e7200000,0x00000000ecc7ff58,0x00000000f0580000)
 Metaspace       used 115433K, capacity 128106K, committed 128384K, reserved 1161216K
  class space    used 13501K, capacity 17226K, committed 17280K, reserved 1048576K
}

