# JRE version: Java(TM) SE Runtime Environment (8.0_73-b02) (build 1.8.0_73-b02)
# Java VM: Java HotSpot(TM) 64-Bit Server VM (25.73-b02 mixed mode linux-amd64 compressed oops)
Heap:
 PSYoungGen      total 114176K, used 51570K [0x00000000f7b80000, 0x0000000100000000, 0x0000000100000000)
  eden space 94208K, 38% used [0x00000000f7b80000,0x00000000f9ec2be8,0x00000000fd780000)
  from space 19968K, 77% used [0x00000000feb80000,0x00000000ffa99fe8,0x00000000fff00000)
  to   space 20480K, 0% used [0x00000000fd780000,0x00000000fd780000,0x00000000feb80000)
 ParOldGen       total 181760K, used 105996K [0x00000000e7200000, 0x00000000f2380000, 0x00000000f7b80000)
  object space 181760K, 58% used [0x00000000e7200000,0x00000000ed9833e0,0x00000000f2380000)
 Metaspace       used 130123K, capacity 144198K, committed 144472K, reserved 1175552K
  class space    used 15209K, capacity 19286K, committed 19328K, reserved 1048576K
GC Heap History (10 events):
Event: 18684.355 GC heap before
{Heap before GC invocations=736 (full 14):
 PSYoungGen      total 110592K, used 110238K [0x00000000f7b80000, 0x0000000100000000, 0x0000000100000000)
  eden space 94720K, 100% used [0x00000000f7b80000,0x00000000fd800000,0x00000000fd800000)
  from space 15872K, 97% used [0x00000000fd800000,0x00000000fe727ab0,0x00000000fe780000)
  to   space 20992K, 0% used [0x00000000feb80000,0x00000000feb80000,0x0000000100000000)
 ParOldGen       total 181760K, used 102562K [0x00000000e7200000, 0x00000000f2380000, 0x00000000f7b80000)
  object space 181760K, 56% used [0x00000000e7200000,0x00000000ed6289f0,0x00000000f2380000)
 Metaspace       used 129408K, capacity 143476K, committed 143832K, reserved 1173504K
  class space    used 15101K, capacity 19143K, committed 19200K, reserved 1048576K
Event: 18684.864 GC heap after
Heap after GC invocations=736 (full 14):
 PSYoungGen      total 115200K, used 12973K [0x00000000f7b80000, 0x0000000100000000, 0x0000000100000000)
  eden space 94208K, 0% used [0x00000000f7b80000,0x00000000f7b80000,0x00000000fd780000)
  from space 20992K, 61% used [0x00000000feb80000,0x00000000ff82b550,0x0000000100000000)
  to   space 20480K, 0% used [0x00000000fd780000,0x00000000fd780000,0x00000000feb80000)
 ParOldGen       total 181760K, used 105036K [0x00000000e7200000, 0x00000000f2380000, 0x00000000f7b80000)
  object space 181760K, 57% used [0x00000000e7200000,0x00000000ed8933a0,0x00000000f2380000)
 Metaspace       used 129408K, capacity 143476K, committed 143832K, reserved 1173504K
  class space    used 15101K, capacity 19143K, committed 19200K, reserved 1048576K
}
Event: 18687.253 GC heap before
{Heap before GC invocations=737 (full 14):
 PSYoungGen      total 115200K, used 107181K [0x00000000f7b80000, 0x0000000100000000, 0x0000000100000000)
  eden space 94208K, 100% used [0x00000000f7b80000,0x00000000fd780000,0x00000000fd780000)
  from space 20992K, 61% used [0x00000000feb80000,0x00000000ff82b550,0x0000000100000000)
  to   space 20480K, 0% used [0x00000000fd780000,0x00000000fd780000,0x00000000feb80000)
 ParOldGen       total 181760K, used 105036K [0x00000000e7200000, 0x00000000f2380000, 0x00000000f7b80000)
  object space 181760K, 57% used [0x00000000e7200000,0x00000000ed8933a0,0x00000000f2380000)
 Metaspace       used 129414K, capacity 143482K, committed 143832K, reserved 1173504K
  class space    used 15102K, capacity 19144K, committed 19200K, reserved 1048576K
Event: 18687.463 GC heap after
Heap after GC invocations=737 (full 14):
 PSYoungGen      total 114688K, used 14972K [0x00000000f7b80000, 0x00000000fff80000, 0x0000000100000000)
  eden space 94208K, 0% used [0x00000000f7b80000,0x00000000f7b80000,0x00000000fd780000)
  from space 20480K, 73% used [0x00000000fd780000,0x00000000fe61f2d8,0x00000000feb80000)
  to   space 20480K, 0% used [0x00000000feb80000,0x00000000feb80000,0x00000000fff80000)
 ParOldGen       total 181760K, used 105196K [0x00000000e7200000, 0x00000000f2380000, 0x00000000f7b80000)
  object space 181760K, 57% used [0x00000000e7200000,0x00000000ed8bb3c0,0x00000000f2380000)
 Metaspace       used 129414K, capacity 143482K, committed 143832K, reserved 1173504K
  class space    used 15102K, capacity 19144K, committed 19200K, reserved 1048576K
}
Event: 19143.357 GC heap before
{Heap before GC invocations=738 (full 14):
 PSYoungGen      total 114688K, used 109180K [0x00000000f7b80000, 0x00000000fff80000, 0x0000000100000000)
  eden space 94208K, 100% used [0x00000000f7b80000,0x00000000fd780000,0x00000000fd780000)
  from space 20480K, 73% used [0x00000000fd780000,0x00000000fe61f2d8,0x00000000feb80000)
  to   space 20480K, 0% used [0x00000000feb80000,0x00000000feb80000,0x00000000fff80000)
 ParOldGen       total 181760K, used 105196K [0x00000000e7200000, 0x00000000f2380000, 0x00000000f7b80000)
  object space 181760K, 57% used [0x00000000e7200000,0x00000000ed8bb3c0,0x00000000f2380000)
 Metaspace       used 129528K, capacity 143562K, committed 143832K, reserved 1173504K
  class space    used 15119K, capacity 19148K, committed 19200K, reserved 1048576K
Event: 19143.643 GC heap after
Heap after GC invocations=738 (full 14):
 PSYoungGen      total 114688K, used 13944K [0x00000000f7b80000, 0x0000000100000000, 0x0000000100000000)
  eden space 94208K, 0% used [0x00000000f7b80000,0x00000000f7b80000,0x00000000fd780000)
  from space 20480K, 68% used [0x00000000feb80000,0x00000000ff91e080,0x00000000fff80000)
  to   space 20480K, 0% used [0x00000000fd780000,0x00000000fd780000,0x00000000feb80000)
 ParOldGen       total 181760K, used 105700K [0x00000000e7200000, 0x00000000f2380000, 0x00000000f7b80000)
  object space 181760K, 58% used [0x00000000e7200000,0x00000000ed9393c0,0x00000000f2380000)
 Metaspace       used 129528K, capacity 143562K, committed 143832K, reserved 1173504K
  class space    used 15119K, capacity 19148K, committed 19200K, reserved 1048576K
}
Event: 19159.325 GC heap before
{Heap before GC invocations=739 (full 14):
 PSYoungGen      total 114688K, used 108152K [0x00000000f7b80000, 0x0000000100000000, 0x0000000100000000)
  eden space 94208K, 100% used [0x00000000f7b80000,0x00000000fd780000,0x00000000fd780000)
  from space 20480K, 68% used [0x00000000feb80000,0x00000000ff91e080,0x00000000fff80000)
  to   space 20480K, 0% used [0x00000000fd780000,0x00000000fd780000,0x00000000feb80000)
 ParOldGen       total 181760K, used 105700K [0x00000000e7200000, 0x00000000f2380000, 0x00000000f7b80000)
  object space 181760K, 58% used [0x00000000e7200000,0x00000000ed9393c0,0x00000000f2380000)
 Metaspace       used 129730K, capacity 143830K, committed 144088K, reserved 1173504K
  class space    used 15143K, capacity 19182K, committed 19200K, reserved 1048576K
Event: 19159.764 GC heap after
Heap after GC invocations=739 (full 14):
 PSYoungGen      total 114688K, used 14256K [0x00000000f7b80000, 0x00000000fff00000, 0x0000000100000000)
  eden space 94208K, 0% used [0x00000000f7b80000,0x00000000f7b80000,0x00000000fd780000)
  from space 20480K, 69% used [0x00000000fd780000,0x00000000fe56c090,0x00000000feb80000)
  to   space 19968K, 0% used [0x00000000feb80000,0x00000000feb80000,0x00000000fff00000)
 ParOldGen       total 181760K, used 105964K [0x00000000e7200000, 0x00000000f2380000, 0x00000000f7b80000)
  object space 181760K, 58% used [0x00000000e7200000,0x00000000ed97b3e0,0x00000000f2380000)
 Metaspace       used 129730K, capacity 143830K, committed 144088K, reserved 1173504K
  class space    used 15143K, capacity 19182K, committed 19200K, reserved 1048576K
}
Event: 19232.814 GC heap before
{Heap before GC invocations=740 (full 14):
 PSYoungGen      total 114688K, used 108464K [0x00000000f7b80000, 0x00000000fff00000, 0x0000000100000000)
  eden space 94208K, 100% used [0x00000000f7b80000,0x00000000fd780000,0x00000000fd780000)
  from space 20480K, 69% used [0x00000000fd780000,0x00000000fe56c090,0x00000000feb80000)
  to   space 19968K, 0% used [0x00000000feb80000,0x00000000feb80000,0x00000000fff00000)
 ParOldGen       total 181760K, used 105964K [0x00000000e7200000, 0x00000000f2380000, 0x00000000f7b80000)
  object space 181760K, 58% used [0x00000000e7200000,0x00000000ed97b3e0,0x00000000f2380000)
 Metaspace       used 130104K, capacity 144198K, committed 144472K, reserved 1175552K
  class space    used 15207K, capacity 19286K, committed 19328K, reserved 1048576K
Event: 19233.156 GC heap after
Heap after GC invocations=740 (full 14):
 PSYoungGen      total 114176K, used 15463K [0x00000000f7b80000, 0x0000000100000000, 0x0000000100000000)
  eden space 94208K, 0% used [0x00000000f7b80000,0x00000000f7b80000,0x00000000fd780000)
  from space 19968K, 77% used [0x00000000feb80000,0x00000000ffa99fe8,0x00000000fff00000)
  to   space 20480K, 0% used [0x00000000fd780000,0x00000000fd780000,0x00000000feb80000)
 ParOldGen       total 181760K, used 105996K [0x00000000e7200000, 0x00000000f2380000, 0x00000000f7b80000)
  object space 181760K, 58% used [0x00000000e7200000,0x00000000ed9833e0,0x00000000f2380000)
 Metaspace       used 130104K, capacity 144198K, committed 144472K, reserved 1175552K
  class space    used 15207K, capacity 19286K, committed 19328K, reserved 1048576K
}

