# JRE version: OpenJDK Runtime Environment (8.0_152-b11) (build 1.8.0_152-release-915-b11)
# Java VM: OpenJDK 64-Bit Server VM (25.152-b11 mixed mode linux-amd64 compressed oops)
Heap:
 par new generation   total 39296K, used 23088K [0x00000000e0000000, 0x00000000e2aa0000, 0x00000000ea660000)
  eden space 34944K,  53% used [0x00000000e0000000, 0x00000000e124c2b8, 0x00000000e2220000)
  from space 4352K, 100% used [0x00000000e2660000, 0x00000000e2aa0000, 0x00000000e2aa0000)
  to   space 4352K,   0% used [0x00000000e2220000, 0x00000000e2220000, 0x00000000e2660000)
 concurrent mark-sweep generation total 87424K, used 57539K [0x00000000ea660000, 0x00000000efbc0000, 0x0000000100000000)
 Metaspace       used 37522K, capacity 38211K, committed 38476K, reserved 1083392K
  class space    used 4460K, capacity 4626K, committed 4684K, reserved 1048576K
GC Heap History (10 events):
Event: 106.067 GC heap before
{Heap before GC invocations=6 (full 5):
 par new generation   total 39296K, used 39296K [0x00000000e0000000, 0x00000000e2aa0000, 0x00000000ea660000)
  eden space 34944K, 100% used [0x00000000e0000000, 0x00000000e2220000, 0x00000000e2220000)
  from space 4352K, 100% used [0x00000000e2220000, 0x00000000e2660000, 0x00000000e2660000)
  to   space 4352K,   0% used [0x00000000e2660000, 0x00000000e2660000, 0x00000000e2aa0000)
 concurrent mark-sweep generation total 87424K, used 47346K [0x00000000ea660000, 0x00000000efbc0000, 0x0000000100000000)
 Metaspace       used 31429K, capacity 31847K, committed 32076K, reserved 1077248K
  class space    used 3759K, capacity 3883K, committed 3916K, reserved 1048576K
Event: 106.188 GC heap after
Heap after GC invocations=7 (full 5):
 par new generation   total 39296K, used 4352K [0x00000000e0000000, 0x00000000e2aa0000, 0x00000000ea660000)
  eden space 34944K,   0% used [0x00000000e0000000, 0x00000000e0000000, 0x00000000e2220000)
  from space 4352K, 100% used [0x00000000e2660000, 0x00000000e2aa0000, 0x00000000e2aa0000)
  to   space 4352K,   0% used [0x00000000e2220000, 0x00000000e2220000, 0x00000000e2660000)
 concurrent mark-sweep generation total 87424K, used 51926K [0x00000000ea660000, 0x00000000efbc0000, 0x0000000100000000)
 Metaspace       used 31429K, capacity 31847K, committed 32076K, reserved 1077248K
  class space    used 3759K, capacity 3883K, committed 3916K, reserved 1048576K
}
Event: 111.366 GC heap before
{Heap before GC invocations=7 (full 5):
 par new generation   total 39296K, used 39296K [0x00000000e0000000, 0x00000000e2aa0000, 0x00000000ea660000)
  eden space 34944K, 100% used [0x00000000e0000000, 0x00000000e2220000, 0x00000000e2220000)
  from space 4352K, 100% used [0x00000000e2660000, 0x00000000e2aa0000, 0x00000000e2aa0000)
  to   space 4352K,   0% used [0x00000000e2220000, 0x00000000e2220000, 0x00000000e2660000)
 concurrent mark-sweep generation total 87424K, used 51926K [0x00000000ea660000, 0x00000000efbc0000, 0x0000000100000000)
 Metaspace       used 31699K, capacity 32121K, committed 32332K, reserved 1077248K
  class space    used 3763K, capacity 3886K, committed 3916K, reserved 1048576K
Event: 111.449 GC heap after
Heap after GC invocations=8 (full 5):
 par new generation   total 39296K, used 4352K [0x00000000e0000000, 0x00000000e2aa0000, 0x00000000ea660000)
  eden space 34944K,   0% used [0x00000000e0000000, 0x00000000e0000000, 0x00000000e2220000)
  from space 4352K, 100% used [0x00000000e2220000, 0x00000000e2660000, 0x00000000e2660000)
  to   space 4352K,   0% used [0x00000000e2660000, 0x00000000e2660000, 0x00000000e2aa0000)
 concurrent mark-sweep generation total 87424K, used 60871K [0x00000000ea660000, 0x00000000efbc0000, 0x0000000100000000)
 Metaspace       used 31699K, capacity 32121K, committed 32332K, reserved 1077248K
  class space    used 3763K, capacity 3886K, committed 3916K, reserved 1048576K
}
Event: 116.470 GC heap before
{Heap before GC invocations=8 (full 5):
 par new generation   total 39296K, used 39296K [0x00000000e0000000, 0x00000000e2aa0000, 0x00000000ea660000)
  eden space 34944K, 100% used [0x00000000e0000000, 0x00000000e2220000, 0x00000000e2220000)
  from space 4352K, 100% used [0x00000000e2220000, 0x00000000e2660000, 0x00000000e2660000)
  to   space 4352K,   0% used [0x00000000e2660000, 0x00000000e2660000, 0x00000000e2aa0000)
 concurrent mark-sweep generation total 87424K, used 60871K [0x00000000ea660000, 0x00000000efbc0000, 0x0000000100000000)
 Metaspace       used 35218K, capacity 35809K, committed 36172K, reserved 1081344K
  class space    used 4190K, capacity 4341K, committed 4428K, reserved 1048576K
Event: 116.514 GC heap after
Heap after GC invocations=9 (full 5):
 par new generation   total 39296K, used 4352K [0x00000000e0000000, 0x00000000e2aa0000, 0x00000000ea660000)
  eden space 34944K,   0% used [0x00000000e0000000, 0x00000000e0000000, 0x00000000e2220000)
  from space 4352K, 100% used [0x00000000e2660000, 0x00000000e2aa0000, 0x00000000e2aa0000)
  to   space 4352K,   0% used [0x00000000e2220000, 0x00000000e2220000, 0x00000000e2660000)
 concurrent mark-sweep generation total 87424K, used 67503K [0x00000000ea660000, 0x00000000efbc0000, 0x0000000100000000)
 Metaspace       used 35218K, capacity 35809K, committed 36172K, reserved 1081344K
  class space    used 4190K, capacity 4341K, committed 4428K, reserved 1048576K
}
Event: 152.681 GC heap before
{Heap before GC invocations=9 (full 6):
 par new generation   total 39296K, used 39296K [0x00000000e0000000, 0x00000000e2aa0000, 0x00000000ea660000)
  eden space 34944K, 100% used [0x00000000e0000000, 0x00000000e2220000, 0x00000000e2220000)
  from space 4352K, 100% used [0x00000000e2660000, 0x00000000e2aa0000, 0x00000000e2aa0000)
  to   space 4352K,   0% used [0x00000000e2220000, 0x00000000e2220000, 0x00000000e2660000)
 concurrent mark-sweep generation total 87424K, used 50057K [0x00000000ea660000, 0x00000000efbc0000, 0x0000000100000000)
 Metaspace       used 35214K, capacity 35791K, committed 36172K, reserved 1081344K
  class space    used 4188K, capacity 4338K, committed 4428K, reserved 1048576K
Event: 152.713 GC heap after
Heap after GC invocations=10 (full 6):
 par new generation   total 39296K, used 4352K [0x00000000e0000000, 0x00000000e2aa0000, 0x00000000ea660000)
  eden space 34944K,   0% used [0x00000000e0000000, 0x00000000e0000000, 0x00000000e2220000)
  from space 4352K, 100% used [0x00000000e2220000, 0x00000000e2660000, 0x00000000e2660000)
  to   space 4352K,   0% used [0x00000000e2660000, 0x00000000e2660000, 0x00000000e2aa0000)
 concurrent mark-sweep generation total 87424K, used 54455K [0x00000000ea660000, 0x00000000efbc0000, 0x0000000100000000)
 Metaspace       used 35214K, capacity 35791K, committed 36172K, reserved 1081344K
  class space    used 4188K, capacity 4338K, committed 4428K, reserved 1048576K
}
Event: 154.157 GC heap before
{Heap before GC invocations=10 (full 6):
 par new generation   total 39296K, used 39296K [0x00000000e0000000, 0x00000000e2aa0000, 0x00000000ea660000)
  eden space 34944K, 100% used [0x00000000e0000000, 0x00000000e2220000, 0x00000000e2220000)
  from space 4352K, 100% used [0x00000000e2220000, 0x00000000e2660000, 0x00000000e2660000)
  to   space 4352K,   0% used [0x00000000e2660000, 0x00000000e2660000, 0x00000000e2aa0000)
 concurrent mark-sweep generation total 87424K, used 54455K [0x00000000ea660000, 0x00000000efbc0000, 0x0000000100000000)
 Metaspace       used 35427K, capacity 36027K, committed 36428K, reserved 1081344K
  class space    used 4215K, capacity 4348K, committed 4428K, reserved 1048576K
Event: 154.180 GC heap after
Heap after GC invocations=11 (full 6):
 par new generation   total 39296K, used 4352K [0x00000000e0000000, 0x00000000e2aa0000, 0x00000000ea660000)
  eden space 34944K,   0% used [0x00000000e0000000, 0x00000000e0000000, 0x00000000e2220000)
  from space 4352K, 100% used [0x00000000e2660000, 0x00000000e2aa0000, 0x00000000e2aa0000)
  to   space 4352K,   0% used [0x00000000e2220000, 0x00000000e2220000, 0x00000000e2660000)
 concurrent mark-sweep generation total 87424K, used 57539K [0x00000000ea660000, 0x00000000efbc0000, 0x0000000100000000)
 Metaspace       used 35427K, capacity 36027K, committed 36428K, reserved 1081344K
  class space    used 4215K, capacity 4348K, committed 4428K, reserved 1048576K
}

